<?xml version="1.0" encoding="UTF-8"?>
<!-- Generated by org.testng.reporters.JUnitReportReporter -->
<testsuite hostname="DODGE-2" name="test.assignment.proj_discovery.TestNg2" tests="1" failures="0" timestamp="28 Aug 2019 05:26:27 GMT" time="39.077" errors="0">
  <testcase name="SelectVideos" time="39.077" classname="test.assignment.proj_discovery.TestNg2"/>
</testsuite> <!-- test.assignment.proj_discovery.TestNg2 -->
