<?xml version="1.0" encoding="UTF-8"?>
<!-- Generated by org.testng.reporters.JUnitReportReporter -->
<testsuite hostname="DODGE-2" name="test.assignment.proj_discovery.TestNg2" tests="1" failures="0" timestamp="28 Aug 2019 20:23:30 GMT" time="30.916" errors="0">
  <testcase name="SelectVideos" time="30.916" classname="test.assignment.proj_discovery.TestNg2"/>
</testsuite> <!-- test.assignment.proj_discovery.TestNg2 -->
