<?xml version="1.0" encoding="UTF-8"?>
<!-- Generated by org.testng.reporters.JUnitReportReporter -->
<testsuite hostname="DODGE-2" name="test.assignment.proj_discovery.TestNg1" tests="1" failures="0" timestamp="29 Aug 2019 06:05:20 GMT" time="83.715" errors="0">
  <testcase name="SelectVideos" time="83.715" classname="test.assignment.proj_discovery.TestNg1"/>
</testsuite> <!-- test.assignment.proj_discovery.TestNg1 -->
