<?xml version="1.0" encoding="UTF-8"?>
<!-- Generated by org.testng.reporters.JUnitReportReporter -->
<testsuite hostname="DODGE-2" name="test.assignment.proj_discovery.TestNg1" tests="1" failures="0" timestamp="28 Aug 2019 04:37:01 GMT" time="85.612" errors="0">
  <testcase name="SelectVideos" time="85.612" classname="test.assignment.proj_discovery.TestNg1"/>
</testsuite> <!-- test.assignment.proj_discovery.TestNg1 -->
