<?xml version="1.0" encoding="UTF-8"?>
<!-- Generated by org.testng.reporters.JUnitReportReporter -->
<testsuite name="com.test.iRequest.database.ConnectMySQL" tests="1" time="0.546" ignored="0" failures="0" timestamp="29 May 2019 12:36:28 GMT" skipped="0" hostname="ZIPLBLRSY156" errors="0">
  <testcase name="testDB" time="0.546" classname="com.test.iRequest.database.ConnectMySQL"/>
</testsuite> <!-- com.test.iRequest.database.ConnectMySQL -->
