<?xml version="1.0" encoding="UTF-8"?>
<!-- Generated by org.testng.reporters.JUnitReportReporter -->
<testsuite name="iRequest_Test.iRequest_Test.NewTest" tests="1" time="8.700" ignored="0" failures="0" timestamp="12 Sep 2018 07:56:17 GMT" skipped="0" hostname="ZIPLBLRSY156" errors="0">
  <testcase name="Login" time="8.700" classname="iRequest_Test.iRequest_Test.NewTest"/>
</testsuite> <!-- iRequest_Test.iRequest_Test.NewTest -->
