<?xml version="1.0" encoding="UTF-8"?>
<!-- Generated by org.testng.reporters.JUnitReportReporter -->
<testsuite name="com.test.iRequest_Test.homepage.RDTest1" tests="2" time="22.614" ignored="0" failures="0" timestamp="13 Mar 2019 15:01:14 GMT" skipped="0" hostname="ZIPLBLRSY156" errors="0">
  <testcase name="CreateRequestDef" time="1.723" classname="com.test.iRequest_Test.homepage.RDTest1"/>
  <testcase name="Login" time="20.891" classname="com.test.iRequest_Test.homepage.RDTest1"/>
</testsuite> <!-- com.test.iRequest_Test.homepage.RDTest1 -->
